-------------------------------------------------------------------------------
Test set: test.ClassCTest
-------------------------------------------------------------------------------
Tests run: 2, Failures: 1, Errors: 0, Skipped: 0, Time elapsed: 0.005 sec <<< FAILURE! - in test.ClassCTest
testGetClassName(test.ClassCTest)  Time elapsed: 0 sec  <<< FAILURE!
java.lang.AssertionError: Not yet implemented
	at test.ClassCTest.testGetClassName(ClassCTest.java:24)

