<?xml version="1.0" encoding="UTF-8"?>
<testsuite xmlns:xsi="http://www.w3.org/2001/XMLSchema-instance" xsi:schemaLocation="https://maven.apache.org/surefire/maven-surefire-plugin/xsd/surefire-test-report.xsd" name="test.ClassCTest" time="0.005" tests="2" errors="0" skipped="0" failures="1">
  <properties>
[...]
</properties>
  <testcase name="testConnectString" classname="test.ClassCTest" time="0.001"/>
  <testcase name="testGetClassName" classname="test.ClassCTest" time="0">
    <failure message="Not yet implemented" type="java.lang.AssertionError">java.lang.AssertionError: Not yet implemented
	at test.ClassCTest.testGetClassName(ClassCTest.java:24)
</failure>
  </testcase>
</testsuite>